This is pdfTeX, Version 3.14159265-2.6-1.40.20 (MiKTeX 2.9.7200 64-bit) (preloaded format=pdflatex 2019.10.17)  17 OCT 2019 12:55
entering extended mode
**./TesisMSc.tex
(TesisMSc.tex
LaTeX2e <2019-10-01>
(EncabezadoTesisMSc.tex
("C:\Users\kevin\AppData\Local\Programs\MiKTeX 2.9\tex/latex/koma-script\scrboo
k.cls"
Document Class: scrbook 2019/10/12 v3.27 KOMA-Script document class (book)

("C:\Users\kevin\AppData\Local\Programs\MiKTeX 2.9\tex/latex/koma-script\scrkba
se.sty"
Package: scrkbase 2019/10/12 v3.27 KOMA-Script package (KOMA-Script-dependent b
asics and keyval usage)

("C:\Users\kevin\AppData\Local\Programs\MiKTeX 2.9\tex/latex/koma-script\scrbas
e.sty"
Package: scrbase 2019/10/12 v3.27 KOMA-Script package (KOMA-Script-independent 
basics and keyval usage)

("C:\Users\kevin\AppData\Local\Programs\MiKTeX 2.9\tex/latex/graphics\keyval.st
y"
Package: keyval 2014/10/28 v1.15 key=value parser (DPC)
\KV@toks@=\toks14
)
("C:\Users\kevin\AppData\Local\Programs\MiKTeX 2.9\tex/latex/koma-script\scrlfi
le.sty"
Package: scrlfile 2019/10/12 v3.27 KOMA-Script package (loading files)
)))
("C:\Users\kevin\AppData\Local\Programs\MiKTeX 2.9\tex/latex/koma-script\tocbas
ic.sty"
Package: tocbasic 2019/10/12 v3.27 KOMA-Script package (handling toc-files)
\scr@dte@tocline@numberwidth=\skip41
\scr@dte@tocline@numbox=\box27
)
Package tocbasic Info: omitting babel extension for `toc'
(tocbasic)             because of feature `nobabel' available
(tocbasic)             for `toc' on input line 137.
Package scrbook Info: You've used standard option `12pt'.
(scrbook)             This is correct!
(scrbook)             Internally I'm using `fontsize=12pt'.
(scrbook)             If you'd like to set the option with \KOMAoptions,
(scrbook)             you'd have to use `fontsize=12pt' there
(scrbook)             instead of `12pt', too.

("C:\Users\kevin\AppData\Local\Programs\MiKTeX 2.9\tex/latex/base\fleqn.clo"
File: fleqn.clo 2016/12/29 v1.2b Standard LaTeX option (flush left equations)
\mathindent=\dimen102
Applying: [2015/01/01] Make \[ robust on input line 50.
LaTeX Info: Redefining \[ on input line 51.
Already applied: [0000/00/00] Make \[ robust on input line 62.
Applying: [2015/01/01] Make \] robust on input line 74.
LaTeX Info: Redefining \] on input line 75.
Already applied: [0000/00/00] Make \] robust on input line 83.
)
Class scrbook Info: You've used standard option `openany'.
(scrbook)           This is correct!
(scrbook)           Internally I'm using `open=any'.
(scrbook)           If you'd like to set the option with \KOMAoptions,
(scrbook)           you'd have to use `open=any' there
(scrbook)           instead of `openany', too.
Class scrbook Info: File `scrsize12pt.clo' used to setup font sizes on input li
ne 2420.

("C:\Users\kevin\AppData\Local\Programs\MiKTeX 2.9\tex/latex/koma-script\scrsiz
e12pt.clo"
File: scrsize12pt.clo 2019/10/12 v3.27 KOMA-Script font size class option (12pt
)
)
("C:\Users\kevin\AppData\Local\Programs\MiKTeX 2.9\tex/latex/koma-script\typear
ea.sty"
Package: typearea 2019/10/12 v3.27 KOMA-Script package (type area)
\ta@bcor=\skip42
\ta@div=\count80
Package typearea Info: You've used standard option `letterpaper'.
(typearea)             This is correct!
(typearea)             Internally I'm using `paper=letter'.
(typearea)             If you'd like to set the option with \KOMAoptions,
(typearea)             you'd have to use `paper=letter' there
(typearea)             instead of `letterpaper', too.
\ta@hblk=\skip43
\ta@vblk=\skip44
\ta@temp=\skip45
\footheight=\skip46
Package typearea Info: With paper sizes other than (almost) `A4' predefined
(typearea)             DIV values do not exist. Using DIV calculation for good
(typearea)             line width (unless using `version=3.24` or prior).

DIV calculation for typearea with good linewidth.
Package typearea Info: These are the values describing the layout:
(typearea)             DIV  = 8
(typearea)             BCOR = 0.0pt
(typearea)             \paperwidth      = 614.295pt
(typearea)              \textwidth      = 383.9344pt
(typearea)              DIV departure   = 1%
(typearea)              \evensidemargin = 81.30374pt
(typearea)              \oddsidemargin  = 4.51688pt
(typearea)             \paperheight     = 794.96999pt
(typearea)              \textheight     = 505.0pt
(typearea)              \topmargin      = -12.77374pt
(typearea)              \headheight     = 18.125pt
(typearea)              \headsep        = 21.75pt
(typearea)              \topskip        = 12.0pt
(typearea)              \footskip       = 50.75pt
(typearea)              \baselineskip   = 14.5pt
(typearea)              on input line 1716.
)
\c@part=\count81
\c@chapter=\count82
\c@section=\count83
\c@subsection=\count84
\c@subsubsection=\count85
\c@paragraph=\count86
\c@subparagraph=\count87
\scr@dte@chapter@maxnumwidth=\skip47
Class scrbook Info: using compatibility default `afterindent=bysign'
(scrbook)           for `\chapter on input line 5521.
\scr@dte@section@maxnumwidth=\skip48
Class scrbook Info: using compatibility default `runin=bysign'
(scrbook)           for `\section on input line 5531.
Class scrbook Info: using compatibility default `afterindent=bysign'
(scrbook)           for `\section on input line 5531.
\scr@dte@part@maxnumwidth=\skip49
Class scrbook Info: using compatibility default `afterindent=true'
(scrbook)           for `\part on input line 5540.
\scr@dte@subsection@maxnumwidth=\skip50
Class scrbook Info: using compatibility default `runin=bysign'
(scrbook)           for `\subsection on input line 5550.
Class scrbook Info: using compatibility default `afterindent=bysign'
(scrbook)           for `\subsection on input line 5550.
\scr@dte@subsubsection@maxnumwidth=\skip51
Class scrbook Info: using compatibility default `runin=bysign'
(scrbook)           for `\subsubsection on input line 5560.
Class scrbook Info: using compatibility default `afterindent=bysign'
(scrbook)           for `\subsubsection on input line 5560.
\scr@dte@paragraph@maxnumwidth=\skip52
Class scrbook Info: using compatibility default `runin=bysign'
(scrbook)           for `\paragraph on input line 5570.
Class scrbook Info: using compatibility default `afterindent=bysign'
(scrbook)           for `\paragraph on input line 5570.
\scr@dte@subparagraph@maxnumwidth=\skip53
Class scrbook Info: using compatibility default `runin=bysign'
(scrbook)           for `\subparagraph on input line 5580.
Class scrbook Info: using compatibility default `afterindent=bysign'
(scrbook)           for `\subparagraph on input line 5580.
\abovecaptionskip=\skip54
\belowcaptionskip=\skip55
\c@pti@nb@sid@b@x=\box28
Package tocbasic Info: omitting babel extension for `lof'
(tocbasic)             because of feature `nobabel' available
(tocbasic)             for `lof' on input line 6810.
\scr@dte@figure@maxnumwidth=\skip56
\c@figure=\count88
Package tocbasic Info: omitting babel extension for `lot'
(tocbasic)             because of feature `nobabel' available
(tocbasic)             for `lot' on input line 6831.
\scr@dte@table@maxnumwidth=\skip57
\c@table=\count89
Class scrbook Info: Redefining `\numberline' on input line 7004.
\bibindent=\dimen103
)
("C:\Users\kevin\AppData\Local\Programs\MiKTeX 2.9\tex/generic/babel\babel.sty"
Package: babel 2019/09/27 3.34 The Babel package
("C:\Users\kevin\AppData\Local\Programs\MiKTeX 2.9\tex/generic/babel\switch.def
"
File: switch.def 2019/09/27 3.34 Babel switching mechanism
)
*************************************
* Local config file bblopts.cfg used
*
("C:\Users\kevin\AppData\Local\Programs\MiKTeX 2.9\tex/latex/arabi\bblopts.cfg"
File: bblopts.cfg 2005/09/08 v0.1 add Arabic and Farsi to "declared" options of
 babel
)
("C:\Users\kevin\AppData\Local\Programs\MiKTeX 2.9\tex/latex/babel-spanish\span
ish.ldf"
Language: spanish.ldf 2016/03/03 v5.0p Spanish support from the babel system

("C:\Users\kevin\AppData\Local\Programs\MiKTeX 2.9\tex/generic/babel\babel.def"
File: babel.def 2019/09/27 3.34 Babel common definitions
\babel@savecnt=\count90
\U@D=\dimen104

("C:\Users\kevin\AppData\Local\Programs\MiKTeX 2.9\tex/generic/babel\txtbabel.d
ef")
\bbl@dirlevel=\count91
)
\es@quottoks=\toks15
\es@quotdepth=\count92
Package babel Info: Making " an active character on input line 561.
Package babel Info: Making . an active character on input line 662.
Package babel Info: Making < an active character on input line 707.
Package babel Info: Making > an active character on input line 707.
))
("C:\Users\kevin\AppData\Local\Programs\MiKTeX 2.9\tex/latex/base\inputenc.sty"
Package: inputenc 2018/08/11 v1.3c Input encoding file
\inpenc@prehook=\toks16
\inpenc@posthook=\toks17
) ("C:\Users\kevin\AppData\Local\Programs\MiKTeX 2.9\tex/latex/base\fontenc.sty
"
Package: fontenc 2018/08/11 v2.0j Standard LaTeX package
 ("C:\Users\kevin\AppData\Local\Programs\MiKTeX 2.9\tex/latex/base\t1enc.def"
File: t1enc.def 2018/08/11 v2.0j Standard LaTeX file
LaTeX Font Info:    Redeclaring font encoding T1 on input line 48.
))

Class scrbook Warning: Usage of package `fancyhdr' together
(scrbook)              with a KOMA-Script class is not recommended.
(scrbook)              I'd suggest to use 
(scrbook)              package `scrlayer' or `scrlayer-scrpage', because
(scrbook)              they support KOMA-Script classes.
(scrbook)              With `fancyhdr' several features of class `scrbook'
(scrbook)              like options `headsepline', `footsepline' or command
(scrbook)              `\MakeMarkcase' and the commands `\setkomafont' and
(scrbook)              `\addtokomafont' for the page style elements need
(scrbook)              explicite user intervention to work.
(scrbook)              Nevertheless, using requested
(scrbook)              package `fancyhdr' on input line 8.


("C:\Users\kevin\AppData\Local\Programs\MiKTeX 2.9\tex/latex/fancyhdr\fancyhdr.
sty"
Package: fancyhdr 2019/01/31 v3.10 Extensive control of page headers and footer
s
\f@nch@headwidth=\skip58
\f@nch@O@elh=\skip59
\f@nch@O@erh=\skip60
\f@nch@O@olh=\skip61
\f@nch@O@orh=\skip62
\f@nch@O@elf=\skip63
\f@nch@O@erf=\skip64
\f@nch@O@olf=\skip65
\f@nch@O@orf=\skip66
)
("C:\Users\kevin\AppData\Local\Programs\MiKTeX 2.9\tex/latex/graphics\epsfig.st
y"
Package: epsfig 2017/06/25 v1.7b (e)psfig emulation (SPQR)

("C:\Users\kevin\AppData\Local\Programs\MiKTeX 2.9\tex/latex/graphics\graphicx.
sty"
Package: graphicx 2017/06/01 v1.1a Enhanced LaTeX Graphics (DPC,SPQR)

("C:\Users\kevin\AppData\Local\Programs\MiKTeX 2.9\tex/latex/graphics\graphics.
sty"
Package: graphics 2019/07/20 v1.3b Standard LaTeX Graphics (DPC,SPQR)

("C:\Users\kevin\AppData\Local\Programs\MiKTeX 2.9\tex/latex/graphics\trig.sty"
Package: trig 2016/01/03 v1.10 sin cos tan (DPC)
)
("C:\Users\kevin\AppData\Local\Programs\MiKTeX 2.9\tex/latex/graphics-cfg\graph
ics.cfg"
File: graphics.cfg 2016/06/04 v1.11 sample graphics configuration
)
Package graphics Info: Driver file: pdftex.def on input line 105.

("C:\Users\kevin\AppData\Local\Programs\MiKTeX 2.9\tex/latex/graphics-def\pdfte
x.def"
File: pdftex.def 2018/01/08 v1.0l Graphics/color driver for pdftex
))
\Gin@req@height=\dimen105
\Gin@req@width=\dimen106
)
\epsfxsize=\dimen107
\epsfysize=\dimen108
)
("C:\Users\kevin\AppData\Local\Programs\MiKTeX 2.9\tex/latex/eepic\epic.sty"
Enhancements to Picture Environment. Version 1.2 - Released June 1, 1986
\@@multicnt=\count93
\d@lta=\count94
\@delta=\dimen109
\@@delta=\dimen110
\@gridcnt=\count95
\@joinkind=\count96
\@dotgap=\dimen111
\@ddotgap=\dimen112
\@x@diff=\count97
\@y@diff=\count98
\x@diff=\dimen113
\y@diff=\dimen114
\@dotbox=\box29
\num@segments=\count99
\num@segmentsi=\count100
\@datafile=\read1
) ("C:\Users\kevin\AppData\Local\Programs\MiKTeX 2.9\tex/latex/url\url.sty"
\Urlmuskip=\muskip10
Package: url 2013/09/16  ver 3.4  Verb mode for urls, etc.
)
("C:\Users\kevin\AppData\Local\Programs\MiKTeX 2.9\tex/latex/sectsty\sectsty.st
y"
Package: sectsty 2002/02/25 v2.0.2 Commands to change all sectional heading sty
les


LaTeX Warning: Command \underbar  has changed.
               Check if current package is valid.


LaTeX Warning: Command \underline  has changed.
               Check if current package is valid.

)

Class scrbook Warning: Incompatible package `sectsty' loaded!
(scrbook)              Package `sectsty' up to version 2.0.2 is incompatible
(scrbook)              with KOMA-Script from version 2.8e released in 2001.
(scrbook)              You should avoid that package and configure the
(scrbook)              section titles of your document using the KOMA-Script
(scrbook)              user interface, e.g., \chapterlinesformat,
(scrbook)              \RedeclareSectionCommand etc. or you should ask
(scrbook)              the `sectsty' maintainer for a more compatible release.
(scrbook)              Ignoring this warning could result in several error
(scrbook)              messages and formatting issues after loading package
(scrbook)              `sectsty' on input line 12.

("C:\Users\kevin\AppData\Local\Programs\MiKTeX 2.9\tex/latex/lipsum\lipsum.sty"
("C:\Users\kevin\AppData\Local\Programs\MiKTeX 2.9\tex/latex/l3kernel\expl3.sty
"
Package: expl3 2019-10-14 L3 programming layer (loader) 

("C:\Users\kevin\AppData\Local\Programs\MiKTeX 2.9\tex/latex/l3kernel\expl3-cod
e.tex"
Package: expl3 2019-10-14 L3 programming layer (code)
\c_max_int=\count101
\l_tmpa_int=\count102
\l_tmpb_int=\count103
\g_tmpa_int=\count104
\g_tmpb_int=\count105
\l__seq_internal_a_int=\count106
\l__seq_internal_b_int=\count107
\g__kernel_prg_map_int=\count108
\c__ior_term_noprompt_ior=\count109
\c_log_iow=\count110
\l_iow_line_count_int=\count111
\l__iow_line_target_int=\count112
\l__iow_one_indent_int=\count113
\l__iow_indent_int=\count114
\c_zero_dim=\dimen115
\c_max_dim=\dimen116
\l_tmpa_dim=\dimen117
\l_tmpb_dim=\dimen118
\g_tmpa_dim=\dimen119
\g_tmpb_dim=\dimen120
\c_zero_skip=\skip67
\c_max_skip=\skip68
\l_tmpa_skip=\skip69
\l_tmpb_skip=\skip70
\g_tmpa_skip=\skip71
\g_tmpb_skip=\skip72
\c_zero_muskip=\muskip11
\c_max_muskip=\muskip12
\l_tmpa_muskip=\muskip13
\l_tmpb_muskip=\muskip14
\g_tmpa_muskip=\muskip15
\g_tmpb_muskip=\muskip16
\l_keys_choice_int=\count115
\l__intarray_loop_int=\count116
\c__intarray_sp_dim=\dimen121
\g__intarray_font_int=\count117
\c__fp_leading_shift_int=\count118
\c__fp_middle_shift_int=\count119
\c__fp_trailing_shift_int=\count120
\c__fp_big_leading_shift_int=\count121
\c__fp_big_middle_shift_int=\count122
\c__fp_big_trailing_shift_int=\count123
\c__fp_Bigg_leading_shift_int=\count124
\c__fp_Bigg_middle_shift_int=\count125
\c__fp_Bigg_trailing_shift_int=\count126
\c__kernel_randint_max_int=\count127
\g__fp_array_int=\count128
\l__fp_array_loop_int=\count129
\l__sort_length_int=\count130
\l__sort_min_int=\count131
\l__sort_top_int=\count132
\l__sort_max_int=\count133
\l__sort_true_max_int=\count134
\l__sort_block_int=\count135
\l__sort_begin_int=\count136
\l__sort_end_int=\count137
\l__sort_A_int=\count138
\l__sort_B_int=\count139
\l__sort_C_int=\count140
\l__str_internal_int=\count141
\c__str_replacement_char_int=\count142
\l__tl_analysis_normal_int=\count143
\l__tl_analysis_index_int=\count144
\l__tl_analysis_nesting_int=\count145
\l__tl_analysis_type_int=\count146
\l__regex_internal_a_int=\count147
\l__regex_internal_b_int=\count148
\l__regex_internal_c_int=\count149
\l__regex_balance_int=\count150
\l__regex_group_level_int=\count151
\l__regex_mode_int=\count152
\c__regex_cs_in_class_mode_int=\count153
\c__regex_cs_mode_int=\count154
\l__regex_catcodes_int=\count155
\l__regex_default_catcodes_int=\count156
\c__regex_catcode_D_int=\count157
\c__regex_catcode_S_int=\count158
\c__regex_catcode_L_int=\count159
\c__regex_catcode_O_int=\count160
\c__regex_catcode_A_int=\count161
\c__regex_all_catcodes_int=\count162
\l__regex_show_lines_int=\count163
\l__regex_min_state_int=\count164
\l__regex_max_state_int=\count165
\l__regex_left_state_int=\count166
\l__regex_right_state_int=\count167
\l__regex_capturing_group_int=\count168
\l__regex_min_pos_int=\count169
\l__regex_max_pos_int=\count170
\l__regex_curr_pos_int=\count171
\l__regex_start_pos_int=\count172
\l__regex_success_pos_int=\count173
\l__regex_curr_char_int=\count174
\l__regex_curr_catcode_int=\count175
\l__regex_last_char_int=\count176
\l__regex_case_changed_char_int=\count177
\l__regex_curr_state_int=\count178
\l__regex_step_int=\count179
\l__regex_min_active_int=\count180
\l__regex_max_active_int=\count181
\l__regex_replacement_csnames_int=\count182
\l__regex_match_count_int=\count183
\l__regex_min_submatch_int=\count184
\l__regex_submatch_int=\count185
\l__regex_zeroth_submatch_int=\count186
\g__regex_trace_regex_int=\count187
\c_empty_box=\box30
\l_tmpa_box=\box31
\l_tmpb_box=\box32
\g_tmpa_box=\box33
\g_tmpb_box=\box34
\l__box_top_dim=\dimen122
\l__box_bottom_dim=\dimen123
\l__box_left_dim=\dimen124
\l__box_right_dim=\dimen125
\l__box_top_new_dim=\dimen126
\l__box_bottom_new_dim=\dimen127
\l__box_left_new_dim=\dimen128
\l__box_right_new_dim=\dimen129
\l__box_internal_box=\box35
\l__coffin_internal_box=\box36
\l__coffin_internal_dim=\dimen130
\l__coffin_offset_x_dim=\dimen131
\l__coffin_offset_y_dim=\dimen132
\l__coffin_x_dim=\dimen133
\l__coffin_y_dim=\dimen134
\l__coffin_x_prime_dim=\dimen135
\l__coffin_y_prime_dim=\dimen136
\c_empty_coffin=\box37
\l__coffin_aligned_coffin=\box38
\l__coffin_aligned_internal_coffin=\box39
\l_tmpa_coffin=\box40
\l_tmpb_coffin=\box41
\g_tmpa_coffin=\box42
\g_tmpb_coffin=\box43
\l__coffin_bounding_shift_dim=\dimen137
\l__coffin_left_corner_dim=\dimen138
\l__coffin_right_corner_dim=\dimen139
\l__coffin_bottom_corner_dim=\dimen140
\l__coffin_top_corner_dim=\dimen141
\l__coffin_scaled_total_height_dim=\dimen142
\l__coffin_scaled_width_dim=\dimen143
\c__coffin_empty_coffin=\box44
\l__coffin_display_coffin=\box45
\l__coffin_display_coord_coffin=\box46
\l__coffin_display_pole_coffin=\box47
\l__coffin_display_offset_dim=\dimen144
\l__coffin_display_x_dim=\dimen145
\l__coffin_display_y_dim=\dimen146
\g__char_data_ior=\read2

("C:\Users\kevin\AppData\Local\Programs\MiKTeX 2.9\tex/latex/l3kernel\l3depreca
tion.def"
File: l3deprecation.def 2019-04-06 v L3 Deprecated functions
))
("C:\Users\kevin\AppData\Local\Programs\MiKTeX 2.9\tex/latex/l3backend\l3backen
d-pdfmode.def"
File: l3backend-pdfmode.def 2019-04-06 L3 backend support: PDF mode
\l__kernel_color_stack_int=\count188
\l__pdf_internal_box=\box48
))
("C:\Users\kevin\AppData\Local\Programs\MiKTeX 2.9\tex/latex/l3packages/xparse\
xparse.sty"
Package: xparse 2019-10-11 L3 Experimental document command parser
\l__xparse_current_arg_int=\count189
\g__xparse_grabber_int=\count190
\l__xparse_m_args_int=\count191
\l__xparse_v_nesting_int=\count192
)
Package: lipsum 2019/01/02 v2.2 150 paragraphs of Lorem Ipsum dummy text

("C:\Users\kevin\AppData\Local\Programs\MiKTeX 2.9\tex/latex/lipsum\lipsum.ltd.
tex"
File: lipsum.ltd.tex 2019/01/02 v2.2 The Lorem ipsum dummy text
))
("C:\Users\kevin\AppData\Local\Programs\MiKTeX 2.9\tex/latex/enumitem\enumitem.
sty"
Package: enumitem 2019/06/20 v3.9 Customized lists
\labelindent=\skip73
\enit@outerparindent=\dimen147
\enit@toks=\toks18
\enit@inbox=\box49
\enit@count@id=\count193
\enitdp@description=\count194
)
("C:\Users\kevin\AppData\Local\Programs\MiKTeX 2.9\tex/latex/base\fontenc.sty"
Package: fontenc 2018/08/11 v2.0j Standard LaTeX package

("C:\Users\kevin\AppData\Local\Programs\MiKTeX 2.9\tex/latex/base\t1enc.def"
File: t1enc.def 2018/08/11 v2.0j Standard LaTeX file
LaTeX Font Info:    Redeclaring font encoding T1 on input line 48.
))
("C:\Users\kevin\AppData\Local\Programs\MiKTeX 2.9\tex/latex/pslatex\pslatex.st
y"
Package: pslatex 1996/07/24 v1.2 pslatex emulation (DPC)
LaTeX Font Info:    Redeclaring symbol font `operators' on input line 65.
LaTeX Font Info:    Overwriting symbol font `operators' in version `normal'
(Font)                  OT1/cmr/m/n --> OT1/ptmcm/m/n on input line 65.
LaTeX Font Info:    Overwriting symbol font `operators' in version `bold'
(Font)                  OT1/cmr/bx/n --> OT1/ptmcm/m/n on input line 65.
LaTeX Font Info:    Redeclaring symbol font `letters' on input line 66.
LaTeX Font Info:    Overwriting symbol font `letters' in version `normal'
(Font)                  OML/cmm/m/it --> OML/ptmcm/m/it on input line 66.
LaTeX Font Info:    Overwriting symbol font `letters' in version `bold'
(Font)                  OML/cmm/b/it --> OML/ptmcm/m/it on input line 66.
LaTeX Font Info:    Redeclaring symbol font `symbols' on input line 67.
LaTeX Font Info:    Overwriting symbol font `symbols' in version `normal'
(Font)                  OMS/cmsy/m/n --> OMS/pzccm/m/n on input line 67.
LaTeX Font Info:    Overwriting symbol font `symbols' in version `bold'
(Font)                  OMS/cmsy/b/n --> OMS/pzccm/m/n on input line 67.
LaTeX Font Info:    Redeclaring symbol font `largesymbols' on input line 68.
LaTeX Font Info:    Overwriting symbol font `largesymbols' in version `normal'
(Font)                  OMX/cmex/m/n --> OMX/psycm/m/n on input line 68.
LaTeX Font Info:    Overwriting symbol font `largesymbols' in version `bold'
(Font)                  OMX/cmex/m/n --> OMX/psycm/m/n on input line 68.
\symbold=\mathgroup4
\symitalic=\mathgroup5
LaTeX Font Info:    Redeclaring math alphabet \mathbf on input line 74.
LaTeX Font Info:    Overwriting math alphabet `\mathbf' in version `normal'
(Font)                  OT1/cmr/bx/n --> OT1/ptm/bx/n on input line 74.
LaTeX Font Info:    Overwriting math alphabet `\mathbf' in version `bold'
(Font)                  OT1/cmr/bx/n --> OT1/ptm/bx/n on input line 74.
LaTeX Font Info:    Redeclaring math alphabet \mathit on input line 75.
LaTeX Font Info:    Overwriting math alphabet `\mathit' in version `normal'
(Font)                  OT1/cmr/m/it --> OT1/ptm/m/it on input line 75.
LaTeX Font Info:    Overwriting math alphabet `\mathit' in version `bold'
(Font)                  OT1/cmr/bx/it --> OT1/ptm/m/it on input line 75.
) ("C:\Users\kevin\AppData\Local\Programs\MiKTeX 2.9\tex/latex/eepic\eepic.sty"

Extension to Epic and LaTeX. Version 1.1e - Released Dec 21, 1999
\@gphlinewidth=\count195
\@eepictcnt=\count196
\@tempdimc=\dimen148
\maxovaldiam=\dimen149
\@filltype=\box50
)
("C:\Users\kevin\AppData\Local\Programs\MiKTeX 2.9\tex/latex/amsmath\amsmath.st
y"
Package: amsmath 2019/04/01 v2.17c AMS math features
\@mathmargin=\skip74

For additional information on amsmath, use the `?' option.

("C:\Users\kevin\AppData\Local\Programs\MiKTeX 2.9\tex/latex/amsmath\amstext.st
y"
Package: amstext 2000/06/29 v2.01 AMS text

("C:\Users\kevin\AppData\Local\Programs\MiKTeX 2.9\tex/latex/amsmath\amsgen.sty
"
File: amsgen.sty 1999/11/30 v2.0 generic functions
\@emptytoks=\toks19
\ex@=\dimen150
))
("C:\Users\kevin\AppData\Local\Programs\MiKTeX 2.9\tex/latex/amsmath\amsbsy.sty
"
Package: amsbsy 1999/11/29 v1.2d Bold Symbols
\pmbraise@=\dimen151
)
("C:\Users\kevin\AppData\Local\Programs\MiKTeX 2.9\tex/latex/amsmath\amsopn.sty
"
Package: amsopn 2016/03/08 v2.02 operator names
)
\inf@bad=\count197
LaTeX Info: Redefining \frac on input line 227.
\uproot@=\count198
\leftroot@=\count199
LaTeX Info: Redefining \overline on input line 389.
\classnum@=\count266
\DOTSCASE@=\count267
LaTeX Info: Redefining \ldots on input line 486.
LaTeX Info: Redefining \dots on input line 489.
LaTeX Info: Redefining \cdots on input line 610.
\Mathstrutbox@=\box51
\strutbox@=\box52
\big@size=\dimen152
LaTeX Font Info:    Redeclaring font encoding OML on input line 733.
LaTeX Font Info:    Redeclaring font encoding OMS on input line 734.
\macc@depth=\count268
\c@MaxMatrixCols=\count269
\dotsspace@=\muskip17
\c@parentequation=\count270
\dspbrk@lvl=\count271
\tag@help=\toks20
\row@=\count272
\column@=\count273
\maxfields@=\count274
\andhelp@=\toks21
\eqnshift@=\dimen153
\alignsep@=\dimen154
\tagshift@=\dimen155
\tagwidth@=\dimen156
\totwidth@=\dimen157
\lineht@=\dimen158
\@envbody=\toks22
\multlinegap=\skip75
\multlinetaggap=\skip76
\mathdisplay@stack=\toks23
LaTeX Info: Redefining \[ on input line 2855.
LaTeX Info: Redefining \] on input line 2856.
)
("C:\Users\kevin\AppData\Local\Programs\MiKTeX 2.9\tex/latex/ncctools\nccmath.s
ty"
Package: nccmath 2006/01/20 v1.3 Additional Math Commands (NCC)
\NCC@fracrulewidth=\dimen159
)
("C:\Users\kevin\AppData\Local\Programs\MiKTeX 2.9\tex/latex/threeparttable\thr
eeparttable.sty"
Package: threeparttable 2003/06/13  v 3.0
\@tempboxb=\box53
)
("C:\Users\kevin\AppData\Local\Programs\MiKTeX 2.9\tex/latex/amsmath\amscd.sty"
Package: amscd 2017/04/14 v2.1 AMS Commutative Diagrams
\athelp@=\toks24
\minaw@=\dimen160
\bigaw@=\dimen161
\minCDarrowwidth=\dimen162
) ("C:\Users\kevin\AppData\Local\Programs\MiKTeX 2.9\tex/latex/here\here.sty")
("C:\Users\kevin\AppData\Local\Programs\MiKTeX 2.9\tex/latex/float\float.sty"
Package: float 2001/11/08 v1.3d Float enhancements (AL)
\c@float@type=\count275
\float@exts=\toks25
\float@box=\box54
\@float@everytoks=\toks26
\@floatcapt=\box55
)
("C:\Users\kevin\AppData\Local\Programs\MiKTeX 2.9\tex/latex/graphics\lscape.st
y"
Package: lscape 2000/10/22 v3.01 Landscape Pages (DPC)
)
("C:\Users\kevin\AppData\Local\Programs\MiKTeX 2.9\tex/latex/tools\tabularx.sty
"
Package: tabularx 2016/02/03 v2.11b `tabularx' package (DPC)
 ("C:\Users\kevin\AppData\Local\Programs\MiKTeX 2.9\tex/latex/tools\array.sty"
Package: array 2019/08/31 v2.4l Tabular extension package (FMi)
\col@sep=\dimen163
\ar@mcellbox=\box56
\extrarowheight=\dimen164
\NC@list=\toks27
\extratabsurround=\skip77
\backup@length=\skip78
\ar@cellbox=\box57
)
\TX@col@width=\dimen165
\TX@old@table=\dimen166
\TX@old@col=\dimen167
\TX@target=\dimen168
\TX@delta=\dimen169
\TX@cols=\count276
\TX@ftn=\toks28
)
("C:\Users\kevin\AppData\Local\Programs\MiKTeX 2.9\tex/latex/subfigure\subfigur
e.sty"
Package: subfigure 2002/07/30 v2.1.4 subfigure package
\subfigtopskip=\skip79
\subfigcapskip=\skip80
\subfigcaptopadj=\dimen170
\subfigbottomskip=\skip81
\subfigcapmargin=\dimen171
\subfiglabelskip=\skip82
\c@subfigure=\count277
\c@lofdepth=\count278
\c@subtable=\count279
\c@lotdepth=\count280

****************************************
* Local config file subfigure.cfg used *
****************************************

("C:\Users\kevin\AppData\Local\Programs\MiKTeX 2.9\tex/latex/subfigure\subfigur
e.cfg")
\subfig@top=\skip83
\subfig@bottom=\skip84
)
("C:\Users\kevin\AppData\Local\Programs\MiKTeX 2.9\tex/latex/tools\longtable.st
y"
Package: longtable 2019/02/06 v4.12 Multi-page Table package (DPC)
\LTleft=\skip85
\LTright=\skip86
\LTpre=\skip87
\LTpost=\skip88
\LTchunksize=\count281
\LTcapwidth=\dimen172
\LT@head=\box58
\LT@firsthead=\box59
\LT@foot=\box60
\LT@lastfoot=\box61
\LT@cols=\count282
\LT@rows=\count283
\c@LT@tables=\count284
\c@LT@chunks=\count285
\LT@p@ftn=\toks29
)
Class scrbook Info: longtable captions redefined on input line 28.

("C:\Users\kevin\AppData\Local\Programs\MiKTeX 2.9\tex/latex/amsfonts\amssymb.s
ty"
Package: amssymb 2013/01/14 v3.01 AMS font symbols

("C:\Users\kevin\AppData\Local\Programs\MiKTeX 2.9\tex/latex/amsfonts\amsfonts.
sty"
Package: amsfonts 2013/01/14 v3.01 Basic AMSFonts support
\symAMSa=\mathgroup6
\symAMSb=\mathgroup7
LaTeX Font Info:    Redeclaring math symbol \hbar on input line 98.
LaTeX Font Info:    Overwriting math alphabet `\mathfrak' in version `bold'
(Font)                  U/euf/m/n --> U/euf/b/n on input line 106.
))
("C:\Users\kevin\AppData\Local\Programs\MiKTeX 2.9\tex/latex/graphics\rotating.
sty"
Package: rotating 2016/08/11 v2.16d rotated objects in LaTeX

("C:\Users\kevin\AppData\Local\Programs\MiKTeX 2.9\tex/latex/base\ifthen.sty"
Package: ifthen 2014/09/29 v1.1c Standard LaTeX ifthen package (DPC)
)
\c@r@tfl@t=\count286
\rotFPtop=\skip89
\rotFPbot=\skip90
\rot@float@box=\box62
\rot@mess@toks=\toks30
)
("C:\Users\kevin\AppData\Local\Programs\MiKTeX 2.9\tex/latex/geometry\geometry.
sty"
Package: geometry 2018/04/16 v5.8 Page Geometry

("C:\Users\kevin\AppData\Local\Programs\MiKTeX 2.9\tex/generic/oberdiek\ifpdf.s
ty"
Package: ifpdf 2018/09/07 v3.3 Provides the ifpdf switch
)
("C:\Users\kevin\AppData\Local\Programs\MiKTeX 2.9\tex/generic/oberdiek\ifvtex.
sty"
Package: ifvtex 2016/05/16 v1.6 Detect VTeX and its facilities (HO)
Package ifvtex Info: VTeX not detected.
)
("C:\Users\kevin\AppData\Local\Programs\MiKTeX 2.9\tex/generic/ifxetex\ifxetex.
sty"
Package: ifxetex 2010/09/12 v0.6 Provides ifxetex conditional
)
\Gm@cnth=\count287
\Gm@cntv=\count288
\c@Gm@tempcnt=\count289
\Gm@bindingoffset=\dimen173
\Gm@wd@mp=\dimen174
\Gm@odd@mp=\dimen175
\Gm@even@mp=\dimen176
\Gm@layoutwidth=\dimen177
\Gm@layoutheight=\dimen178
\Gm@layouthoffset=\dimen179
\Gm@layoutvoffset=\dimen180
\Gm@dimlist=\toks31

("C:\Users\kevin\AppData\Local\Programs\MiKTeX 2.9\tex/latex/geometry\geometry.
cfg")) (Befehle.sty)) (TesisMSc.aux (0Preliminares/Preliminares.aux)
LaTeX Info: Redefining \. on input line 9.
LaTeX Info: Redefining \% on input line 9.

(1Introduccion/Introduccion.aux) (2Marco/Marco.aux

LaTeX Warning: Label `EQ41' multiply defined.

) (Anexos/Anexos.aux))
\openout1 = `TesisMSc.aux'.

LaTeX Font Info:    Checking defaults for OML/cmm/m/it on input line 3.
LaTeX Font Info:    ... okay on input line 3.
LaTeX Font Info:    Checking defaults for T1/cmr/m/n on input line 3.
LaTeX Font Info:    ... okay on input line 3.
LaTeX Font Info:    Checking defaults for OT1/cmr/m/n on input line 3.
LaTeX Font Info:    ... okay on input line 3.
LaTeX Font Info:    Checking defaults for OMS/pzccm/m/n on input line 3.
LaTeX Font Info:    Trying to load font information for OMS+pzccm on input line
 3.

("C:\Users\kevin\AppData\Local\Programs\MiKTeX 2.9\tex/latex/psnfss\omspzccm.fd
"
File: omspzccm.fd 2000/01/03 Fontinst v1.801 font definitions for OMS/pzccm.
)
LaTeX Font Info:    ... okay on input line 3.
LaTeX Font Info:    Checking defaults for OMX/cmex/m/n on input line 3.
LaTeX Font Info:    ... okay on input line 3.
LaTeX Font Info:    Checking defaults for U/cmr/m/n on input line 3.
LaTeX Font Info:    ... okay on input line 3.
LaTeX Info: Redefining \. on input line 3.
LaTeX Info: Redefining \% on input line 3.

("C:\Users\kevin\AppData\Local\Programs\MiKTeX 2.9\tex/context/base/mkii\supp-p
df.mkii"
[Loading MPS to PDF converter (version 2006.09.02).]
\scratchcounter=\count290
\scratchdimen=\dimen181
\scratchbox=\box63
\nofMPsegments=\count291
\nofMParguments=\count292
\everyMPshowfont=\toks32
\MPscratchCnt=\count293
\MPscratchDim=\dimen182
\MPnumerator=\count294
\makeMPintoPDFobject=\count295
\everyMPtoPDFconversion=\toks33
)
("C:\Users\kevin\AppData\Local\Programs\MiKTeX 2.9\tex/latex/oberdiek\epstopdf-
base.sty"
Package: epstopdf-base 2016/05/15 v2.6 Base part for package epstopdf

("C:\Users\kevin\AppData\Local\Programs\MiKTeX 2.9\tex/generic/oberdiek\infware
rr.sty"
Package: infwarerr 2016/05/16 v1.4 Providing info/warning/error messages (HO)
)
("C:\Users\kevin\AppData\Local\Programs\MiKTeX 2.9\tex/latex/oberdiek\grfext.st
y"
Package: grfext 2016/05/16 v1.2 Manage graphics extensions (HO)

("C:\Users\kevin\AppData\Local\Programs\MiKTeX 2.9\tex/generic/oberdiek\kvdefin
ekeys.sty"
Package: kvdefinekeys 2016/05/16 v1.4 Define keys (HO)

("C:\Users\kevin\AppData\Local\Programs\MiKTeX 2.9\tex/generic/oberdiek\ltxcmds
.sty"
Package: ltxcmds 2016/05/16 v1.23 LaTeX kernel commands for general use (HO)
)))
("C:\Users\kevin\AppData\Local\Programs\MiKTeX 2.9\tex/latex/oberdiek\kvoptions
.sty"
Package: kvoptions 2016/05/16 v3.12 Key value format for package options (HO)

("C:\Users\kevin\AppData\Local\Programs\MiKTeX 2.9\tex/generic/oberdiek\kvsetke
ys.sty"
Package: kvsetkeys 2016/05/16 v1.17 Key value parser (HO)

("C:\Users\kevin\AppData\Local\Programs\MiKTeX 2.9\tex/generic/oberdiek\etexcmd
s.sty"
Package: etexcmds 2016/05/16 v1.6 Avoid name clashes with e-TeX commands (HO)

("C:\Users\kevin\AppData\Local\Programs\MiKTeX 2.9\tex/generic/oberdiek\ifluate
x.sty"
Package: ifluatex 2016/05/16 v1.4 Provides the ifluatex switch (HO)
Package ifluatex Info: LuaTeX not detected.
))))
("C:\Users\kevin\AppData\Local\Programs\MiKTeX 2.9\tex/generic/oberdiek\pdftexc
mds.sty"
Package: pdftexcmds 2019/07/25 v0.30 Utility functions of pdfTeX for LuaTeX (HO
)
Package pdftexcmds Info: LuaTeX not detected.
Package pdftexcmds Info: \pdf@primitive is available.
Package pdftexcmds Info: \pdf@ifprimitive is available.
Package pdftexcmds Info: \pdfdraftmode found.
)
Package epstopdf-base Info: Redefining graphics rule for `.eps' on input line 4
38.
Package grfext Info: Graphics extension search list:
(grfext)             [.pdf,.png,.jpg,.mps,.jpeg,.jbig2,.jb2,.PDF,.PNG,.JPG,.JPE
G,.JBIG2,.JB2,.eps]
(grfext)             \AppendGraphicsExtensions on input line 456.
)
*geometry* driver: auto-detecting
*geometry* detected driver: pdftex
*geometry* verbose mode - [ preamble ] result:
* driver: pdftex
* paper: letterpaper
* layout: <same size as paper>
* layoutoffset:(h,v)=(0.0pt,0.0pt)
* modes: twoside 
* h-part:(L,W,R)=(113.81102pt, 443.57848pt, 56.9055pt)
* v-part:(T,H,B)=(85.35826pt, 624.25346pt, 85.35826pt)
* \paperwidth=614.295pt
* \paperheight=794.96999pt
* \textwidth=443.57848pt
* \textheight=606.04378pt
* \oddsidemargin=41.54103pt
* \evensidemargin=-15.36449pt
* \topmargin=-26.78673pt
* \headheight=18.125pt
* \headsep=21.75pt
* \topskip=12.0pt
* \footskip=50.75pt
* \marginparwidth=0.0pt
* \marginparsep=12.8401pt
* \columnsep=10.0pt
* \skip\footins=10.8pt plus 4.0pt minus 2.0pt
* \hoffset=0.0pt
* \voffset=0.0pt
* \mag=1000
* \@twocolumnfalse
* \@twosidetrue
* \@mparswitchtrue
* \@reversemarginfalse
* (1in=72.27pt=25.4mm, 1cm=28.453pt)

\openout2 = `0Preliminares/Preliminares.aux'.

(0Preliminares/Preliminares.tex
LaTeX Font Info:    Font shape `T1/ptm/bx/n' in size <24.88> not available
(Font)              Font shape `T1/ptm/b/n' tried instead on input line 4.
LaTeX Font Info:    Font shape `T1/ptm/bx/n' in size <17.28> not available
(Font)              Font shape `T1/ptm/b/n' tried instead on input line 5.
 [1


{C:/Users/kevin/AppData/Local/MiKTeX/2.9/pdftex/config/pdftex.map}] [2


]
LaTeX Font Info:    Font shape `T1/ptm/bx/n' in size <10.95> not available
(Font)              Font shape `T1/ptm/b/n' tried instead on input line 22.
 [3] [4


]
LaTeX Font Info:    Font shape `T1/ptm/bx/n' in size <12> not available
(Font)              Font shape `T1/ptm/b/n' tried instead on input line 39.
LaTeX Font Info:    Font shape `T1/ptm/bx/n' in size <20.74> not available
(Font)              Font shape `T1/ptm/b/n' tried instead on input line 41.

Underfull \hbox (badness 10000) in paragraph at lines 39--44

 []


Underfull \hbox (badness 10000) in paragraph at lines 39--44

 []


Underfull \hbox (badness 10000) in paragraph at lines 39--44

 []


Underfull \hbox (badness 10000) in paragraph at lines 39--44

 []


Underfull \hbox (badness 10000) in paragraph at lines 47--50

 []


Underfull \hbox (badness 10000) in paragraph at lines 47--50

 []

LaTeX Font Info:    Trying to load font information for OT1+ptmcm on input line
 51.
("C:\Users\kevin\AppData\Local\Programs\MiKTeX 2.9\tex/latex/psnfss\ot1ptmcm.fd
"
File: ot1ptmcm.fd 2000/01/03 Fontinst v1.801 font definitions for OT1/ptmcm.
)
LaTeX Font Info:    Trying to load font information for OML+ptmcm on input line
 51.

("C:\Users\kevin\AppData\Local\Programs\MiKTeX 2.9\tex/latex/psnfss\omlptmcm.fd
"
File: omlptmcm.fd 2000/01/03 Fontinst v1.801 font definitions for OML/ptmcm.
)
LaTeX Font Info:    Trying to load font information for OMX+psycm on input line
 51.

("C:\Users\kevin\AppData\Local\Programs\MiKTeX 2.9\tex/latex/psnfss\omxpsycm.fd
"
File: omxpsycm.fd 2000/01/03 Fontinst v1.801 font definitions for OMX/psycm.
)
LaTeX Font Info:    Font shape `OT1/ptm/bx/n' in size <12> not available
(Font)              Font shape `OT1/ptm/b/n' tried instead on input line 51.
LaTeX Font Info:    Font shape `OT1/ptm/bx/n' in size <9> not available
(Font)              Font shape `OT1/ptm/b/n' tried instead on input line 51.
LaTeX Font Info:    Font shape `OT1/ptm/bx/n' in size <7> not available
(Font)              Font shape `OT1/ptm/b/n' tried instead on input line 51.
LaTeX Font Info:    Trying to load font information for U+msa on input line 51.

 ("C:\Users\kevin\AppData\Local\Programs\MiKTeX 2.9\tex/latex/amsfonts\umsa.fd"
File: umsa.fd 2013/01/14 v3.01 AMS symbols A
)
LaTeX Font Info:    Trying to load font information for U+msb on input line 51.


("C:\Users\kevin\AppData\Local\Programs\MiKTeX 2.9\tex/latex/amsfonts\umsb.fd"
File: umsb.fd 2013/01/14 v3.01 AMS symbols B
) [3] [4


]
Underfull \hbox (badness 10000) in paragraph at lines 57--66

 []


Underfull \hbox (badness 10000) in paragraph at lines 57--66

 []


Underfull \hbox (badness 10000) in paragraph at lines 57--66

 []


Underfull \hbox (badness 10000) in paragraph at lines 57--66

 []


Underfull \hbox (badness 10000) in paragraph at lines 57--66

 []


Underfull \hbox (badness 10000) in paragraph at lines 57--66

 []


Underfull \hbox (badness 10000) in paragraph at lines 57--66

 []


Underfull \hbox (badness 10000) in paragraph at lines 57--66

 []


Underfull \hbox (badness 10000) in paragraph at lines 57--66

 []


Underfull \hbox (badness 10000) in paragraph at lines 57--66

 []


Underfull \hbox (badness 10000) in paragraph at lines 57--66

 []

LaTeX Font Info:    Font shape `T1/ptm/bx/n' in size <14.4> not available
(Font)              Font shape `T1/ptm/b/n' tried instead on input line 67.
) [5] [6



]
LaTeX Font Info:    Font shape `T1/phv/m/n' will be
(Font)              scaled to size 22.39185pt on input line 15.
LaTeX Font Info:    Font shape `T1/phv/bx/n' in size <24.88> not available
(Font)              Font shape `T1/phv/b/n' tried instead on input line 15.
LaTeX Font Info:    Font shape `T1/phv/b/n' will be
(Font)              scaled to size 22.39185pt on input line 15.
 (TesisMSc.lof
LaTeX Info: Redefining \. on input line 1.
LaTeX Info: Redefining \% on input line 1.
Package tocbasic Info: Using my definition of `\numberline' on input line 6.
Package tocbasic Info: Using my definition of `\numberline' on input line 7.
Package tocbasic Info: Using my definition of `\numberline' on input line 8.
Package tocbasic Info: Using my definition of `\numberline' on input line 9.
)
\tf@lof=\write3
\openout3 = `TesisMSc.lof'.

 [7

] [8


] (TesisMSc.lot
LaTeX Info: Redefining \. on input line 1.
LaTeX Info: Redefining \% on input line 1.
)
\tf@lot=\write4
\openout4 = `TesisMSc.lot'.

 [9

] [10


]
\enitdp@abbrv=\count296
 [11

] [12


]
(TesisMSc.toc
Package tocbasic Info: Using my definition of `\numberline' on input line 1.
LaTeX Font Info:    Font shape `T1/phv/m/n' will be
(Font)              scaled to size 10.79993pt on input line 1.
LaTeX Font Info:    Font shape `T1/phv/bx/n' in size <12> not available
(Font)              Font shape `T1/phv/b/n' tried instead on input line 1.
LaTeX Font Info:    Font shape `T1/phv/b/n' will be
(Font)              scaled to size 10.79993pt on input line 1.
LaTeX Font Info:    Font shape `T1/phv/bx/sc' in size <12> not available
(Font)              Font shape `T1/phv/b/sc' tried instead on input line 1.
LaTeX Font Info:    Font shape `T1/phv/b/sc' will be
(Font)              scaled to size 10.79993pt on input line 1.
Package tocbasic Info: Using my definition of `\numberline' on input line 2.
LaTeX Info: Redefining \. on input line 3.
LaTeX Info: Redefining \% on input line 3.
Package tocbasic Info: Using my definition of `\numberline' on input line 4.
Package tocbasic Info: Using my definition of `\numberline' on input line 5.
Package tocbasic Info: Using my definition of `\numberline' on input line 6.
Package tocbasic Info: Using my definition of `\numberline' on input line 7.
Package tocbasic Info: Using my definition of `\numberline' on input line 8.
Package tocbasic Info: Using my definition of `\numberline' on input line 9.
Package tocbasic Info: Using my definition of `\numberline' on input line 10.
Package tocbasic Info: Using my definition of `\numberline' on input line 11.
Package tocbasic Info: Using my definition of `\numberline' on input line 12.
Package tocbasic Info: Using my definition of `\numberline' on input line 13.
Package tocbasic Info: Using my definition of `\numberline' on input line 14.
Package tocbasic Info: Using my definition of `\numberline' on input line 15.
Package tocbasic Info: Using my definition of `\numberline' on input line 16.
Package tocbasic Info: Using my definition of `\numberline' on input line 23.
Package tocbasic Info: Using my definition of `\numberline' on input line 34.
Package tocbasic Info: Using my definition of `\numberline' on input line 39.
Package tocbasic Info: Using my definition of `\numberline' on input line 49.
Package tocbasic Info: Using my definition of `\numberline' on input line 50.
Package tocbasic Info: Using my definition of `\numberline' on input line 51.
)
\tf@toc=\write5
\openout5 = `TesisMSc.toc'.

 [13

] [14


]
\openout2 = `1Introduccion/Introduccion.aux'.

 (1Introduccion/Introduccion.tex
chapter 1.

Class scrbook Warning: \float@addtolists detected!
(scrbook)              Implementation of \float@addtolist became
(scrbook)              deprecated in KOMA-Script v3.01 2008/11/14 and
(scrbook)              has been replaced by several more flexible
(scrbook)              features of package `tocbasic`.
(scrbook)              Since Version 3.12 support for deprecated
(scrbook)              \float@addtolist interface has been
(scrbook)              restricted to only some of the KOMA-Script
(scrbook)              features and been removed from others.
(scrbook)              Loading of package `scrhack' may help to
(scrbook)              avoid this warning, if you are using a
(scrbook)              a package that still implements the
(scrbook)              deprecated \float@addtolist interface .


Class scrbook Warning: Usage of \IfUsePrefixLine outside section command
(scrbook)              style makes no sense, because the behaviour not only
(scrbook)              depends on class options but also on the run-time
(scrbook)              section command style.
(scrbook)              Neither the then-code nor the else-code will be
(scrbook)              executed.
(scrbook)              You may change this and avoid the warning by LOCALLY
(scrbook)              setting \IfUsePrefixLine to either \@firstoftwo or
(scrbook)              \@secondoftwo before using it on input line 5.


Underfull \hbox (badness 10000) in paragraph at lines 7--8

 []


Underfull \hbox (badness 10000) in paragraph at lines 14--15

 []


Underfull \hbox (badness 10000) in paragraph at lines 16--17

 []


Underfull \hbox (badness 10000) in paragraph at lines 18--19

 []


Underfull \hbox (badness 10000) in paragraph at lines 20--21

 []


Underfull \hbox (badness 10000) in paragraph at lines 22--23

 []

[1




]
Underfull \hbox (badness 10000) in paragraph at lines 24--25

 []

LaTeX Info: Redefining \. on input line 28.
LaTeX Info: Redefining \% on input line 28.
[2]
chapter 2.

Class scrbook Warning: Usage of \IfUsePrefixLine outside section command
(scrbook)              style makes no sense, because the behaviour not only
(scrbook)              depends on class options but also on the run-time
(scrbook)              section command style.
(scrbook)              Neither the then-code nor the else-code will be
(scrbook)              executed.
(scrbook)              You may change this and avoid the warning by LOCALLY
(scrbook)              setting \IfUsePrefixLine to either \@firstoftwo or
(scrbook)              \@secondoftwo before using it on input line 29.


Underfull \hbox (badness 10000) in paragraph at lines 31--32

 []


Underfull \hbox (badness 10000) in paragraph at lines 33--34

 []


Underfull \hbox (badness 10000) in paragraph at lines 35--36

 []


Underfull \hbox (badness 10000) in paragraph at lines 37--38

 []

[3



] [4


]
chapter 3.

Class scrbook Warning: Usage of \IfUsePrefixLine outside section command
(scrbook)              style makes no sense, because the behaviour not only
(scrbook)              depends on class options but also on the run-time
(scrbook)              section command style.
(scrbook)              Neither the then-code nor the else-code will be
(scrbook)              executed.
(scrbook)              You may change this and avoid the warning by LOCALLY
(scrbook)              setting \IfUsePrefixLine to either \@firstoftwo or
(scrbook)              \@secondoftwo before using it on input line 43.

LaTeX Font Info:    Font shape `T1/phv/m/n' will be
(Font)              scaled to size 15.55188pt on input line 44.
LaTeX Font Info:    Font shape `T1/phv/bx/n' in size <17.28> not available
(Font)              Font shape `T1/phv/b/n' tried instead on input line 44.
LaTeX Font Info:    Font shape `T1/phv/b/n' will be
(Font)              scaled to size 15.55188pt on input line 44.
LaTeX Font Info:    Font shape `OMS/ptm/m/n' in size <12> not available
(Font)              Font shape `OMS/pzccm/m/n' tried instead on input line 50.
) [5

]
\openout2 = `2Marco/Marco.aux'.

 (2Marco/Marco.tex [6




]
chapter 4.

Class scrbook Warning: Usage of \IfUsePrefixLine outside section command
(scrbook)              style makes no sense, because the behaviour not only
(scrbook)              depends on class options but also on the run-time
(scrbook)              section command style.
(scrbook)              Neither the then-code nor the else-code will be
(scrbook)              executed.
(scrbook)              You may change this and avoid the warning by LOCALLY
(scrbook)              setting \IfUsePrefixLine to either \@firstoftwo or
(scrbook)              \@secondoftwo before using it on input line 2.


Underfull \hbox (badness 10000) in paragraph at lines 6--7

 []


Underfull \hbox (badness 10000) in paragraph at lines 17--18

 []


Underfull \hbox (badness 10000) in paragraph at lines 24--25

 []

<2Marco/CargaRL.jpg, id=76, 100.12407pt x 127.97812pt>
File: 2Marco/CargaRL.jpg Graphic file (type jpg)
<use 2Marco/CargaRL.jpg>
Package pdftex.def Info: 2Marco/CargaRL.jpg  used on input line 28.
(pdftex.def)             Requested size: 100.12381pt x 127.9778pt.

Underfull \hbox (badness 10000) in paragraph at lines 46--47

 []

[7

 <./2Marco/CargaRL.jpg>]
<2Marco/distorsin.jpg, id=85, 503.63156pt x 145.29282pt>
File: 2Marco/distorsin.jpg Graphic file (type jpg)
<use 2Marco/distorsin.jpg>
Package pdftex.def Info: 2Marco/distorsin.jpg  used on input line 50.
(pdftex.def)             Requested size: 503.63033pt x 145.29245pt.

Overfull \hbox (60.05185pt too wide) in paragraph at lines 50--51
 [][] 
 []


Underfull \hbox (badness 10000) in paragraph at lines 55--56

 []


Underfull \hbox (badness 10000) in paragraph at lines 58--61

 []


Underfull \hbox (badness 10000) in paragraph at lines 62--63

 []


LaTeX Warning: Command \' invalid in math mode on input line 65.

Missing character: There is no ó in font zptmcmr!

Underfull \hbox (badness 10000) in paragraph at lines 68--69

 []

LaTeX Info: Redefining \. on input line 69.
LaTeX Info: Redefining \% on input line 69.
LaTeX Info: Redefining \. on input line 69.
LaTeX Info: Redefining \% on input line 69.

Package Fancyhdr Warning: \headheight is too small (18.125pt): 
Make it at least 26.98592pt.
We now make it that large for the rest of the document.
This may cause the page layout to be inconsistent, however.

[8 <./2Marco/distorsin.jpg>]
Underfull \hbox (badness 10000) in paragraph at lines 70--71

 []


Underfull \hbox (badness 10000) in paragraph at lines 74--77

 []


Underfull \hbox (badness 10000) in paragraph at lines 78--79

 []


Underfull \hbox (badness 10000) in paragraph at lines 85--86

 []


Underfull \hbox (badness 10000) in paragraph at lines 96--101

 []


Underfull \hbox (badness 10000) in paragraph at lines 96--101

 []


Underfull \hbox (badness 10000) in paragraph at lines 96--101

 []


Underfull \hbox (badness 10000) in paragraph at lines 105--106

 []

LaTeX Info: Redefining \. on input line 108.
LaTeX Info: Redefining \% on input line 108.
LaTeX Info: Redefining \. on input line 108.
LaTeX Info: Redefining \% on input line 108.
[9]
Underfull \hbox (badness 10000) in paragraph at lines 108--110

 []


Underfull \hbox (badness 10000) in paragraph at lines 114--115

 []


Underfull \hbox (badness 10000) in paragraph at lines 116--117

 []

LaTeX Font Info:    Font shape `T1/phv/m/n' will be
(Font)              scaled to size 12.9599pt on input line 127.
LaTeX Font Info:    Font shape `T1/phv/bx/n' in size <14.4> not available
(Font)              Font shape `T1/phv/b/n' tried instead on input line 127.
LaTeX Font Info:    Font shape `T1/phv/b/n' will be
(Font)              scaled to size 12.9599pt on input line 127.

Underfull \hbox (badness 10000) in paragraph at lines 130--131

 []


Underfull \hbox (badness 10000) in paragraph at lines 135--136

 []


Underfull \hbox (badness 10000) in paragraph at lines 141--148

 []

LaTeX Info: Redefining \. on input line 148.
LaTeX Info: Redefining \% on input line 148.
LaTeX Info: Redefining \. on input line 148.
LaTeX Info: Redefining \% on input line 148.
[10]
Underfull \hbox (badness 10000) in paragraph at lines 150--151

 []


Underfull \hbox (badness 10000) in paragraph at lines 156--161

 []


Underfull \hbox (badness 10000) in paragraph at lines 163--164

 []


Underfull \hbox (badness 10000) in paragraph at lines 171--172

 []


Underfull \hbox (badness 10000) in paragraph at lines 174--175

 []


Underfull \hbox (badness 10000) in paragraph at lines 180--181

 []

LaTeX Info: Redefining \. on input line 182.
LaTeX Info: Redefining \% on input line 182.
LaTeX Info: Redefining \. on input line 182.
LaTeX Info: Redefining \% on input line 182.
[11]
Underfull \hbox (badness 10000) in paragraph at lines 182--183

 []


Underfull \hbox (badness 10000) in paragraph at lines 190--191

 []


Underfull \hbox (badness 10000) in paragraph at lines 192--193

 []


Underfull \hbox (badness 10000) in paragraph at lines 195--196

 []


Underfull \hbox (badness 10000) in paragraph at lines 201--202

 []

<2Marco/triangulopotencias.jpg, id=102, 318.43968pt x 314.67563pt>
File: 2Marco/triangulopotencias.jpg Graphic file (type jpg)
<use 2Marco/triangulopotencias.jpg>
Package pdftex.def Info: 2Marco/triangulopotencias.jpg  used on input line 205.

(pdftex.def)             Requested size: 318.4389pt x 314.67485pt.

Underfull \vbox (badness 6332) has occurred while \output is active []

LaTeX Info: Redefining \. on input line 209.
LaTeX Info: Redefining \% on input line 209.
LaTeX Info: Redefining \. on input line 209.
LaTeX Info: Redefining \% on input line 209.
 [12]
Underfull \hbox (badness 10000) in paragraph at lines 213--214

 []


Underfull \hbox (badness 10000) in paragraph at lines 217--225

 []


Underfull \hbox (badness 10000) in paragraph at lines 217--225

 []


Underfull \hbox (badness 10000) in paragraph at lines 217--225

 []


Underfull \hbox (badness 10000) in paragraph at lines 217--225

 []


Underfull \hbox (badness 10000) in paragraph at lines 217--225

 []


Underfull \hbox (badness 10000) in paragraph at lines 217--225

 []


Underfull \hbox (badness 10000) in paragraph at lines 217--225

 []


Underfull \hbox (badness 10000) in paragraph at lines 217--225

 []

LaTeX Info: Redefining \. on input line 225.
LaTeX Info: Redefining \% on input line 225.
LaTeX Info: Redefining \. on input line 225.
LaTeX Info: Redefining \% on input line 225.
[13 <./2Marco/triangulopotencias.jpg>]
Underfull \hbox (badness 10000) in paragraph at lines 226--227

 []


Underfull \hbox (badness 10000) in paragraph at lines 228--229

 []


Underfull \hbox (badness 10000) in paragraph at lines 230--231

 []


Underfull \hbox (badness 10000) in paragraph at lines 234--235

 []


Underfull \hbox (badness 10000) in paragraph at lines 240--241

 []


Underfull \hbox (badness 10000) in paragraph at lines 249--251

 []

LaTeX Info: Redefining \. on input line 257.
LaTeX Info: Redefining \% on input line 257.
LaTeX Info: Redefining \. on input line 257.
LaTeX Info: Redefining \% on input line 257.
[14]
Underfull \hbox (badness 10000) in paragraph at lines 265--266

 []


Underfull \hbox (badness 10000) in paragraph at lines 269--270

 []


Underfull \hbox (badness 10000) in paragraph at lines 287--288

 []


Underfull \hbox (badness 10000) in paragraph at lines 289--292

 []


Underfull \hbox (badness 10000) in paragraph at lines 305--306

 []

LaTeX Info: Redefining \. on input line 307.
LaTeX Info: Redefining \% on input line 307.
LaTeX Info: Redefining \. on input line 307.
LaTeX Info: Redefining \% on input line 307.
[15]
Underfull \hbox (badness 10000) in paragraph at lines 313--314

 []


Underfull \hbox (badness 10000) in paragraph at lines 322--323

 []


Underfull \hbox (badness 10000) in paragraph at lines 324--325

 []


Underfull \hbox (badness 10000) in paragraph at lines 338--341

 []


Underfull \hbox (badness 10000) in paragraph at lines 346--349

 []


Underfull \hbox (badness 10000) in paragraph at lines 350--351

 []

LaTeX Info: Redefining \. on input line 351.
LaTeX Info: Redefining \% on input line 351.
LaTeX Info: Redefining \. on input line 351.
LaTeX Info: Redefining \% on input line 351.
[16]
Underfull \hbox (badness 10000) in paragraph at lines 357--362

 []


Underfull \hbox (badness 10000) in paragraph at lines 368--370

 []


Underfull \hbox (badness 10000) in paragraph at lines 385--386

 []

LaTeX Info: Redefining \. on input line 386.
LaTeX Info: Redefining \% on input line 386.
LaTeX Info: Redefining \. on input line 386.
LaTeX Info: Redefining \% on input line 386.
[17]
Underfull \hbox (badness 10000) in paragraph at lines 392--396

 []


Underfull \hbox (badness 10000) in paragraph at lines 392--396

 []


Underfull \hbox (badness 10000) in paragraph at lines 392--396

 []


Underfull \hbox (badness 10000) in paragraph at lines 402--405

 []


Underfull \hbox (badness 10000) in paragraph at lines 402--405

 []


Underfull \hbox (badness 10000) in paragraph at lines 402--405

 []


Underfull \hbox (badness 10000) in paragraph at lines 410--412

 []


Underfull \hbox (badness 10000) in paragraph at lines 410--412

 []


Underfull \hbox (badness 10000) in paragraph at lines 417--420

 []


Underfull \hbox (badness 10000) in paragraph at lines 417--420

 []


Underfull \hbox (badness 10000) in paragraph at lines 417--420

 []

LaTeX Info: Redefining \. on input line 420.
LaTeX Info: Redefining \% on input line 420.
LaTeX Info: Redefining \. on input line 420.
LaTeX Info: Redefining \% on input line 420.
[18]
Underfull \hbox (badness 10000) in paragraph at lines 424--425

 []


Underfull \hbox (badness 10000) in paragraph at lines 426--427

 []


Underfull \hbox (badness 10000) in paragraph at lines 431--433

 []


Underfull \hbox (badness 10000) in paragraph at lines 437--439

 []


Underfull \hbox (badness 10000) in paragraph at lines 457--459

 []


Underfull \hbox (badness 10000) in paragraph at lines 457--459

 []


Underfull \hbox (badness 10000) in paragraph at lines 460--461

 []


Underfull \hbox (badness 10000) in paragraph at lines 460--461

 []

LaTeX Info: Redefining \. on input line 461.
LaTeX Info: Redefining \% on input line 461.
LaTeX Info: Redefining \. on input line 461.
LaTeX Info: Redefining \% on input line 461.
[19]
Underfull \hbox (badness 10000) in paragraph at lines 462--463

 []


Underfull \hbox (badness 10000) in paragraph at lines 472--474

 []

<2Marco/intergeo.jpg, id=128, 331.99031pt x 187.45032pt>
File: 2Marco/intergeo.jpg Graphic file (type jpg)
<use 2Marco/intergeo.jpg>
Package pdftex.def Info: 2Marco/intergeo.jpg  used on input line 493.
(pdftex.def)             Requested size: 331.98949pt x 187.44984pt.

Underfull \vbox (badness 4403) has occurred while \output is active []

LaTeX Info: Redefining \. on input line 497.
LaTeX Info: Redefining \% on input line 497.
LaTeX Info: Redefining \. on input line 497.
LaTeX Info: Redefining \% on input line 497.
 [20]
Underfull \hbox (badness 10000) in paragraph at lines 502--504

 []


Underfull \hbox (badness 10000) in paragraph at lines 505--506

 []


Underfull \hbox (badness 10000) in paragraph at lines 509--510

 []


Underfull \hbox (badness 10000) in paragraph at lines 513--518

 []


Underfull \hbox (badness 10000) in paragraph at lines 513--518

 []

LaTeX Info: Redefining \. on input line 519.
LaTeX Info: Redefining \% on input line 519.
LaTeX Info: Redefining \. on input line 519.
LaTeX Info: Redefining \% on input line 519.
[21 <./2Marco/intergeo.jpg>]
Underfull \hbox (badness 10000) in paragraph at lines 519--520

 []


Underfull \hbox (badness 10000) in paragraph at lines 525--526

 []

)
LaTeX Info: Redefining \. on input line 46.
LaTeX Info: Redefining \% on input line 46.
LaTeX Info: Redefining \. on input line 46.
LaTeX Info: Redefining \% on input line 46.
 [22] (TesisMSc.bbl) [23




] [24


]
\openout2 = `Anexos/Anexos.aux'.

 (Anexos/Anexos.tex

Class scrbook Warning: You are using `\begin{appendix}...\end{appendix}'.
(scrbook)              You should note, that `\appendix' is a mostly globally
(scrbook)              working command not an enviroment with only local
(scrbook)              effects. Therefore `\end{appendix}' will neither
(scrbook)              switch back to normal section numbering nor finish
(scrbook)              every other effect of `\begin{appendix}'.
(scrbook)              Nevertheless, some effects may end with
(scrbook)              `\end{appendix}' and the document may become
(scrbook)              inconsistent.
(scrbook)              Because of this, you should remove `\end{appendix}'
(scrbook)              and replace `\begin{appendix}' by command
(scrbook)              `\appendix' on input line 1.

chapter A.

Class scrbook Warning: Usage of \IfUsePrefixLine outside section command
(scrbook)              style makes no sense, because the behaviour not only
(scrbook)              depends on class options but also on the run-time
(scrbook)              section command style.
(scrbook)              Neither the then-code nor the else-code will be
(scrbook)              executed.
(scrbook)              You may change this and avoid the warning by LOCALLY
(scrbook)              setting \IfUsePrefixLine to either \@firstoftwo or
(scrbook)              \@secondoftwo before using it on input line 3.


Underfull \hbox (badness 10000) in paragraph at lines 4--5

 []

[25


]
chapter B.

Class scrbook Warning: Usage of \IfUsePrefixLine outside section command
(scrbook)              style makes no sense, because the behaviour not only
(scrbook)              depends on class options but also on the run-time
(scrbook)              section command style.
(scrbook)              Neither the then-code nor the else-code will be
(scrbook)              executed.
(scrbook)              You may change this and avoid the warning by LOCALLY
(scrbook)              setting \IfUsePrefixLine to either \@firstoftwo or
(scrbook)              \@secondoftwo before using it on input line 6.


Underfull \hbox (badness 10000) in paragraph at lines 7--8

 []


Underfull \hbox (badness 10000) in paragraph at lines 9--10

 []


Underfull \hbox (badness 10000) in paragraph at lines 11--12

 []


Overfull \hbox (8.41283pt too wide) in paragraph at lines 15--27
 [] 
 []

LaTeX Font Info:    Font shape `OT1/ptm/bx/n' in size <10> not available
(Font)              Font shape `OT1/ptm/b/n' tried instead on input line 29.
LaTeX Font Info:    Font shape `OT1/ptm/bx/n' in size <7.4> not available
(Font)              Font shape `OT1/ptm/b/n' tried instead on input line 29.
LaTeX Font Info:    Font shape `OT1/ptm/bx/n' in size <6> not available
(Font)              Font shape `OT1/ptm/b/n' tried instead on input line 29.
[26

])
LaTeX Info: Redefining \. on input line 57.
LaTeX Info: Redefining \% on input line 57.
 [27] (TesisMSc.aux (0Preliminares/Preliminares.aux)
LaTeX Info: Redefining \. on input line 9.
LaTeX Info: Redefining \% on input line 9.

(1Introduccion/Introduccion.aux) (2Marco/Marco.aux) (Anexos/Anexos.aux))

LaTeX Warning: There were multiply-defined labels.

 ) 
Here is how much of TeX's memory you used:
 19305 strings out of 492452
 357730 string characters out of 3120063
 635838 words of memory out of 3000000
 23351 multiletter control sequences out of 15000+200000
 635432 words of font info for 141 fonts, out of 3000000 for 9000
 1151 hyphenation exceptions out of 8191
 51i,12n,80p,10096b,453s stack positions out of 5000i,500n,10000p,200000b,50000s
{C:/Users/kevin/AppData/Local/Programs/MiKTeX 2.9/fonts/enc/dvips/base/8r.enc
}<C:/Users/kevin/AppData/Local/Programs/MiKTeX 2.9/fonts/type1/public/amsfonts/
cm/cmex10.pfb><C:/Users/kevin/AppData/Local/Programs/MiKTeX 2.9/fonts/type1/pub
lic/amsfonts/cmextra/cmex9.pfb><C:/Users/kevin/AppData/Local/Programs/MiKTeX 2.
9/fonts/type1/public/amsfonts/cm/cmmi10.pfb><C:/Users/kevin/AppData/Local/Progr
ams/MiKTeX 2.9/fonts/type1/public/amsfonts/cm/cmr10.pfb><C:/Users/kevin/AppData
/Local/Programs/MiKTeX 2.9/fonts/type1/public/amsfonts/cm/cmsy10.pfb><C:/Users/
kevin/AppData/Local/Programs/MiKTeX 2.9/fonts/type1/urw/helvetic/uhvb8a.pfb><C:
/Users/kevin/AppData/Local/Programs/MiKTeX 2.9/fonts/type1/urw/symbol/usyr.pfb>
<C:/Users/kevin/AppData/Local/Programs/MiKTeX 2.9/fonts/type1/urw/times/utmb8a.
pfb><C:/Users/kevin/AppData/Local/Programs/MiKTeX 2.9/fonts/type1/urw/times/utm
r8a.pfb><C:/Users/kevin/AppData/Local/Programs/MiKTeX 2.9/fonts/type1/urw/times
/utmr8a.pfb><C:/Users/kevin/AppData/Local/Programs/MiKTeX 2.9/fonts/type1/urw/t
imes/utmri8a.pfb>
Output written on TesisMSc.pdf (43 pages, 257162 bytes).
PDF statistics:
 193 PDF objects out of 1000 (max. 8388607)
 0 named destinations out of 1000 (max. 500000)
 21 words of extra memory for PDF output out of 10000 (max. 10000000)

